modules/expo-godot-view/android/build/intermediates/manifest_merge_blame_file/debug/processDebugManifest/manifest-merger-blame-debug-report.txt
1<?xml version="1.0" encoding="utf-8"?>
2<manifest xmlns:android="http://schemas.android.com/apk/res/android"
3    package="expo.modules.godotview" >
4
5    <uses-sdk android:minSdkVersion="24" />
6
7    <application>
7-->src\main\AndroidManifest.xml:2:5-15:19
8        <activity
8-->src\main\AndroidManifest.xml:3:9-14:20
9            android:name="expo.modules.godotview.RitmoGodotActivity"
9-->src\main\AndroidManifest.xml:4:13-47
10            android:configChanges="orientation|screenSize|screenLayout|keyboardHidden|keyboard|navigation|uiMode|density"
10-->src\main\AndroidManifest.xml:6:13-122
11            android:exported="true"
11-->src\main\AndroidManifest.xml:5:13-36
12            android:launchMode="singleTop"
12-->src\main\AndroidManifest.xml:8:13-43
13            android:screenOrientation="portrait"
13-->src\main\AndroidManifest.xml:9:13-49
14            android:theme="@android:style/Theme.Black.NoTitleBar.Fullscreen" >
14-->src\main\AndroidManifest.xml:7:13-77
15            <intent-filter>
15-->src\main\AndroidManifest.xml:10:13-13:29
16                <action android:name="android.intent.action.VIEW" />
16-->src\main\AndroidManifest.xml:11:17-69
16-->src\main\AndroidManifest.xml:11:25-66
17
18                <category android:name="android.intent.category.DEFAULT" />
18-->src\main\AndroidManifest.xml:12:17-76
18-->src\main\AndroidManifest.xml:12:27-73
19            </intent-filter>
20        </activity>
21    </application>
22
23</manifest>